<?xml version="1.0" encoding="UTF-8"?>
<testsuite xmlns:xsi="http://www.w3.org/2001/XMLSchema-instance" xsi:noNamespaceSchemaLocation="https://maven.apache.org/surefire/maven-surefire-plugin/xsd/surefire-test-report.xsd" name="wethinkcode.schedule.ScheduleServiceTest" time="2.379" tests="2" errors="0" skipped="0" failures="0">
  <properties>
    <property name="java.specification.version" value="17"/>
    <property name="sun.jnu.encoding" value="UTF-8"/>
    <property name="java.class.path" value="/app/services/schedule/target/test-classes:/app/services/schedule/target/classes:/root/.m2/repository/io/javalin/javalin/5.0.1/javalin-5.0.1.jar:/root/.m2/repository/org/slf4j/slf4j-api/1.7.36/slf4j-api-1.7.36.jar:/root/.m2/repository/org/eclipse/jetty/jetty-server/11.0.12/jetty-server-11.0.12.jar:/root/.m2/repository/org/eclipse/jetty/toolchain/jetty-jakarta-servlet-api/5.0.2/jetty-jakarta-servlet-api-5.0.2.jar:/root/.m2/repository/org/eclipse/jetty/jetty-http/11.0.12/jetty-http-11.0.12.jar:/root/.m2/repository/org/eclipse/jetty/jetty-util/11.0.12/jetty-util-11.0.12.jar:/root/.m2/repository/org/eclipse/jetty/jetty-io/11.0.12/jetty-io-11.0.12.jar:/root/.m2/repository/org/eclipse/jetty/jetty-webapp/11.0.12/jetty-webapp-11.0.12.jar:/root/.m2/repository/org/eclipse/jetty/jetty-servlet/11.0.12/jetty-servlet-11.0.12.jar:/root/.m2/repository/org/eclipse/jetty/jetty-security/11.0.12/jetty-security-11.0.12.jar:/root/.m2/repository/org/eclipse/jetty/jetty-xml/11.0.12/jetty-xml-11.0.12.jar:/root/.m2/repository/org/eclipse/jetty/websocket/websocket-jetty-server/11.0.12/websocket-jetty-server-11.0.12.jar:/root/.m2/repository/org/eclipse/jetty/websocket/websocket-jetty-common/11.0.12/websocket-jetty-common-11.0.12.jar:/root/.m2/repository/org/eclipse/jetty/websocket/websocket-core-common/11.0.12/websocket-core-common-11.0.12.jar:/root/.m2/repository/org/eclipse/jetty/websocket/websocket-servlet/11.0.12/websocket-servlet-11.0.12.jar:/root/.m2/repository/org/eclipse/jetty/websocket/websocket-core-server/11.0.12/websocket-core-server-11.0.12.jar:/root/.m2/repository/org/eclipse/jetty/jetty-annotations/11.0.12/jetty-annotations-11.0.12.jar:/root/.m2/repository/org/eclipse/jetty/jetty-plus/11.0.12/jetty-plus-11.0.12.jar:/root/.m2/repository/jakarta/transaction/jakarta.transaction-api/2.0.0/jakarta.transaction-api-2.0.0.jar:/root/.m2/repository/org/eclipse/jetty/jetty-jndi/11.0.12/jetty-jndi-11.0.12.jar:/root/.m2/repository/jakarta/annotation/jakarta.annotation-api/2.1.1/jakarta.annotation-api-2.1.1.jar:/root/.m2/repository/org/ow2/asm/asm/9.3/asm-9.3.jar:/root/.m2/repository/org/ow2/asm/asm-commons/9.3/asm-commons-9.3.jar:/root/.m2/repository/org/ow2/asm/asm-tree/9.3/asm-tree-9.3.jar:/root/.m2/repository/org/ow2/asm/asm-analysis/9.3/asm-analysis-9.3.jar:/root/.m2/repository/org/eclipse/jetty/websocket/websocket-jetty-api/11.0.12/websocket-jetty-api-11.0.12.jar:/root/.m2/repository/org/jetbrains/kotlin/kotlin-stdlib-jdk8/1.7.10/kotlin-stdlib-jdk8-1.7.10.jar:/root/.m2/repository/org/jetbrains/kotlin/kotlin-stdlib/1.7.10/kotlin-stdlib-1.7.10.jar:/root/.m2/repository/org/jetbrains/kotlin/kotlin-stdlib-common/1.7.10/kotlin-stdlib-common-1.7.10.jar:/root/.m2/repository/org/jetbrains/kotlin/kotlin-stdlib-jdk7/1.7.10/kotlin-stdlib-jdk7-1.7.10.jar:/root/.m2/repository/com/konghq/unirest-java/3.13.10/unirest-java-3.13.10-standalone.jar:/root/.m2/repository/org/apache/httpcomponents/httpclient/4.5.13/httpclient-4.5.13.jar:/root/.m2/repository/org/apache/httpcomponents/httpcore/4.4.13/httpcore-4.4.13.jar:/root/.m2/repository/commons-logging/commons-logging/1.2/commons-logging-1.2.jar:/root/.m2/repository/org/apache/httpcomponents/httpmime/4.5.13/httpmime-4.5.13.jar:/root/.m2/repository/org/apache/httpcomponents/httpcore-nio/4.4.13/httpcore-nio-4.4.13.jar:/root/.m2/repository/org/apache/httpcomponents/httpasyncclient/4.1.5/httpasyncclient-4.1.5.jar:/root/.m2/repository/commons-codec/commons-codec/1.15/commons-codec-1.15.jar:/root/.m2/repository/com/google/code/gson/gson/2.9.0/gson-2.9.0.jar:/root/.m2/repository/com/konghq/unirest-objectmapper-jackson/3.11.09/unirest-objectmapper-jackson-3.11.09.jar:/root/.m2/repository/com/fasterxml/jackson/core/jackson-databind/2.11.3/jackson-databind-2.11.3.jar:/root/.m2/repository/com/fasterxml/jackson/datatype/jackson-datatype-jsr310/2.13.3/jackson-datatype-jsr310-2.13.3.jar:/root/.m2/repository/com/fasterxml/jackson/core/jackson-annotations/2.13.3/jackson-annotations-2.13.3.jar:/root/.m2/repository/com/fasterxml/jackson/core/jackson-core/2.13.3/jackson-core-2.13.3.jar:/app/common/service/target/classes:/root/.m2/repository/info/picocli/picocli/4.6.3/picocli-4.6.3.jar:/app/common/router/target/classes:/root/.m2/repository/org/jetbrains/annotations/13.0/annotations-13.0.jar:/root/.m2/repository/org/reflections/reflections/0.10.2/reflections-0.10.2.jar:/root/.m2/repository/org/javassist/javassist/3.28.0-GA/javassist-3.28.0-GA.jar:/app/common/logger/target/classes:/root/.m2/repository/com/konghq/unirest-java/3.13.11/unirest-java-3.13.11.jar:/app/services/data-objects/target/classes:/app/services/places/target/classes:/root/.m2/repository/com/google/guava/guava/31.1-jre/guava-31.1-jre.jar:/root/.m2/repository/com/google/guava/failureaccess/1.0.1/failureaccess-1.0.1.jar:/root/.m2/repository/com/google/guava/listenablefuture/9999.0-empty-to-avoid-conflict-with-guava/listenablefuture-9999.0-empty-to-avoid-conflict-with-guava.jar:/root/.m2/repository/com/google/code/findbugs/jsr305/3.0.2/jsr305-3.0.2.jar:/root/.m2/repository/org/checkerframework/checker-qual/3.12.0/checker-qual-3.12.0.jar:/root/.m2/repository/com/google/errorprone/error_prone_annotations/2.11.0/error_prone_annotations-2.11.0.jar:/root/.m2/repository/com/google/j2objc/j2objc-annotations/1.3/j2objc-annotations-1.3.jar:/root/.m2/repository/org/junit/jupiter/junit-jupiter-engine/5.4.0/junit-jupiter-engine-5.4.0.jar:/root/.m2/repository/org/apiguardian/apiguardian-api/1.0.0/apiguardian-api-1.0.0.jar:/root/.m2/repository/org/junit/platform/junit-platform-engine/1.4.0/junit-platform-engine-1.4.0.jar:/root/.m2/repository/org/opentest4j/opentest4j/1.1.1/opentest4j-1.1.1.jar:/root/.m2/repository/org/junit/platform/junit-platform-commons/1.4.0/junit-platform-commons-1.4.0.jar:/root/.m2/repository/org/junit/jupiter/junit-jupiter-api/5.4.0/junit-jupiter-api-5.4.0.jar:/root/.m2/repository/org/assertj/assertj-core/3.23.1/assertj-core-3.23.1.jar:/root/.m2/repository/net/bytebuddy/byte-buddy/1.12.10/byte-buddy-1.12.10.jar:/root/.m2/repository/org/slf4j/slf4j-simple/1.7.36/slf4j-simple-1.7.36.jar:"/>
    <property name="java.vm.vendor" value="Azul Systems, Inc."/>
    <property name="sun.arch.data.model" value="64"/>
    <property name="java.vendor.url" value="http://www.azul.com/"/>
    <property name="os.name" value="Linux"/>
    <property name="java.vm.specification.version" value="17"/>
    <property name="sun.java.launcher" value="SUN_STANDARD"/>
    <property name="user.country" value="ZA"/>
    <property name="sun.boot.library.path" value="/root/.sdkman/candidates/java/17.0.3-zulu/lib"/>
    <property name="sun.java.command" value="/app/services/schedule/target/surefire/surefirebooter18362120986866768345.jar /app/services/schedule/target/surefire 2022-11-09T23-31-39_317-jvmRun1 surefire3914133526661867289tmp surefire_18591806316218561173tmp"/>
    <property name="jdk.debug" value="release"/>
    <property name="surefire.test.class.path" value="/app/services/schedule/target/test-classes:/app/services/schedule/target/classes:/root/.m2/repository/io/javalin/javalin/5.0.1/javalin-5.0.1.jar:/root/.m2/repository/org/slf4j/slf4j-api/1.7.36/slf4j-api-1.7.36.jar:/root/.m2/repository/org/eclipse/jetty/jetty-server/11.0.12/jetty-server-11.0.12.jar:/root/.m2/repository/org/eclipse/jetty/toolchain/jetty-jakarta-servlet-api/5.0.2/jetty-jakarta-servlet-api-5.0.2.jar:/root/.m2/repository/org/eclipse/jetty/jetty-http/11.0.12/jetty-http-11.0.12.jar:/root/.m2/repository/org/eclipse/jetty/jetty-util/11.0.12/jetty-util-11.0.12.jar:/root/.m2/repository/org/eclipse/jetty/jetty-io/11.0.12/jetty-io-11.0.12.jar:/root/.m2/repository/org/eclipse/jetty/jetty-webapp/11.0.12/jetty-webapp-11.0.12.jar:/root/.m2/repository/org/eclipse/jetty/jetty-servlet/11.0.12/jetty-servlet-11.0.12.jar:/root/.m2/repository/org/eclipse/jetty/jetty-security/11.0.12/jetty-security-11.0.12.jar:/root/.m2/repository/org/eclipse/jetty/jetty-xml/11.0.12/jetty-xml-11.0.12.jar:/root/.m2/repository/org/eclipse/jetty/websocket/websocket-jetty-server/11.0.12/websocket-jetty-server-11.0.12.jar:/root/.m2/repository/org/eclipse/jetty/websocket/websocket-jetty-common/11.0.12/websocket-jetty-common-11.0.12.jar:/root/.m2/repository/org/eclipse/jetty/websocket/websocket-core-common/11.0.12/websocket-core-common-11.0.12.jar:/root/.m2/repository/org/eclipse/jetty/websocket/websocket-servlet/11.0.12/websocket-servlet-11.0.12.jar:/root/.m2/repository/org/eclipse/jetty/websocket/websocket-core-server/11.0.12/websocket-core-server-11.0.12.jar:/root/.m2/repository/org/eclipse/jetty/jetty-annotations/11.0.12/jetty-annotations-11.0.12.jar:/root/.m2/repository/org/eclipse/jetty/jetty-plus/11.0.12/jetty-plus-11.0.12.jar:/root/.m2/repository/jakarta/transaction/jakarta.transaction-api/2.0.0/jakarta.transaction-api-2.0.0.jar:/root/.m2/repository/org/eclipse/jetty/jetty-jndi/11.0.12/jetty-jndi-11.0.12.jar:/root/.m2/repository/jakarta/annotation/jakarta.annotation-api/2.1.1/jakarta.annotation-api-2.1.1.jar:/root/.m2/repository/org/ow2/asm/asm/9.3/asm-9.3.jar:/root/.m2/repository/org/ow2/asm/asm-commons/9.3/asm-commons-9.3.jar:/root/.m2/repository/org/ow2/asm/asm-tree/9.3/asm-tree-9.3.jar:/root/.m2/repository/org/ow2/asm/asm-analysis/9.3/asm-analysis-9.3.jar:/root/.m2/repository/org/eclipse/jetty/websocket/websocket-jetty-api/11.0.12/websocket-jetty-api-11.0.12.jar:/root/.m2/repository/org/jetbrains/kotlin/kotlin-stdlib-jdk8/1.7.10/kotlin-stdlib-jdk8-1.7.10.jar:/root/.m2/repository/org/jetbrains/kotlin/kotlin-stdlib/1.7.10/kotlin-stdlib-1.7.10.jar:/root/.m2/repository/org/jetbrains/kotlin/kotlin-stdlib-common/1.7.10/kotlin-stdlib-common-1.7.10.jar:/root/.m2/repository/org/jetbrains/kotlin/kotlin-stdlib-jdk7/1.7.10/kotlin-stdlib-jdk7-1.7.10.jar:/root/.m2/repository/com/konghq/unirest-java/3.13.10/unirest-java-3.13.10-standalone.jar:/root/.m2/repository/org/apache/httpcomponents/httpclient/4.5.13/httpclient-4.5.13.jar:/root/.m2/repository/org/apache/httpcomponents/httpcore/4.4.13/httpcore-4.4.13.jar:/root/.m2/repository/commons-logging/commons-logging/1.2/commons-logging-1.2.jar:/root/.m2/repository/org/apache/httpcomponents/httpmime/4.5.13/httpmime-4.5.13.jar:/root/.m2/repository/org/apache/httpcomponents/httpcore-nio/4.4.13/httpcore-nio-4.4.13.jar:/root/.m2/repository/org/apache/httpcomponents/httpasyncclient/4.1.5/httpasyncclient-4.1.5.jar:/root/.m2/repository/commons-codec/commons-codec/1.15/commons-codec-1.15.jar:/root/.m2/repository/com/google/code/gson/gson/2.9.0/gson-2.9.0.jar:/root/.m2/repository/com/konghq/unirest-objectmapper-jackson/3.11.09/unirest-objectmapper-jackson-3.11.09.jar:/root/.m2/repository/com/fasterxml/jackson/core/jackson-databind/2.11.3/jackson-databind-2.11.3.jar:/root/.m2/repository/com/fasterxml/jackson/datatype/jackson-datatype-jsr310/2.13.3/jackson-datatype-jsr310-2.13.3.jar:/root/.m2/repository/com/fasterxml/jackson/core/jackson-annotations/2.13.3/jackson-annotations-2.13.3.jar:/root/.m2/repository/com/fasterxml/jackson/core/jackson-core/2.13.3/jackson-core-2.13.3.jar:/app/common/service/target/classes:/root/.m2/repository/info/picocli/picocli/4.6.3/picocli-4.6.3.jar:/app/common/router/target/classes:/root/.m2/repository/org/jetbrains/annotations/13.0/annotations-13.0.jar:/root/.m2/repository/org/reflections/reflections/0.10.2/reflections-0.10.2.jar:/root/.m2/repository/org/javassist/javassist/3.28.0-GA/javassist-3.28.0-GA.jar:/app/common/logger/target/classes:/root/.m2/repository/com/konghq/unirest-java/3.13.11/unirest-java-3.13.11.jar:/app/services/data-objects/target/classes:/app/services/places/target/classes:/root/.m2/repository/com/google/guava/guava/31.1-jre/guava-31.1-jre.jar:/root/.m2/repository/com/google/guava/failureaccess/1.0.1/failureaccess-1.0.1.jar:/root/.m2/repository/com/google/guava/listenablefuture/9999.0-empty-to-avoid-conflict-with-guava/listenablefuture-9999.0-empty-to-avoid-conflict-with-guava.jar:/root/.m2/repository/com/google/code/findbugs/jsr305/3.0.2/jsr305-3.0.2.jar:/root/.m2/repository/org/checkerframework/checker-qual/3.12.0/checker-qual-3.12.0.jar:/root/.m2/repository/com/google/errorprone/error_prone_annotations/2.11.0/error_prone_annotations-2.11.0.jar:/root/.m2/repository/com/google/j2objc/j2objc-annotations/1.3/j2objc-annotations-1.3.jar:/root/.m2/repository/org/junit/jupiter/junit-jupiter-engine/5.4.0/junit-jupiter-engine-5.4.0.jar:/root/.m2/repository/org/apiguardian/apiguardian-api/1.0.0/apiguardian-api-1.0.0.jar:/root/.m2/repository/org/junit/platform/junit-platform-engine/1.4.0/junit-platform-engine-1.4.0.jar:/root/.m2/repository/org/opentest4j/opentest4j/1.1.1/opentest4j-1.1.1.jar:/root/.m2/repository/org/junit/platform/junit-platform-commons/1.4.0/junit-platform-commons-1.4.0.jar:/root/.m2/repository/org/junit/jupiter/junit-jupiter-api/5.4.0/junit-jupiter-api-5.4.0.jar:/root/.m2/repository/org/assertj/assertj-core/3.23.1/assertj-core-3.23.1.jar:/root/.m2/repository/net/bytebuddy/byte-buddy/1.12.10/byte-buddy-1.12.10.jar:/root/.m2/repository/org/slf4j/slf4j-simple/1.7.36/slf4j-simple-1.7.36.jar:"/>
    <property name="sun.cpu.endian" value="little"/>
    <property name="user.home" value="/root"/>
    <property name="user.language" value="en"/>
    <property name="java.specification.vendor" value="Oracle Corporation"/>
    <property name="java.version.date" value="2022-04-19"/>
    <property name="java.home" value="/root/.sdkman/candidates/java/17.0.3-zulu"/>
    <property name="file.separator" value="/"/>
    <property name="basedir" value="/app/services/schedule"/>
    <property name="java.vm.compressedOopsMode" value="32-bit"/>
    <property name="line.separator" value="&#10;"/>
    <property name="java.vm.specification.vendor" value="Oracle Corporation"/>
    <property name="java.specification.name" value="Java Platform API Specification"/>
    <property name="surefire.real.class.path" value="/app/services/schedule/target/surefire/surefirebooter18362120986866768345.jar"/>
    <property name="sun.management.compiler" value="HotSpot 64-Bit Tiered Compilers"/>
    <property name="java.runtime.version" value="17.0.3+7-LTS"/>
    <property name="user.name" value="root"/>
    <property name="path.separator" value=":"/>
    <property name="os.version" value="5.15.0-52-generic"/>
    <property name="java.runtime.name" value="OpenJDK Runtime Environment"/>
    <property name="file.encoding" value="UTF-8"/>
    <property name="java.vm.name" value="OpenJDK 64-Bit Server VM"/>
    <property name="java.vendor.version" value="Zulu17.34+19-CA"/>
    <property name="localRepository" value="/root/.m2/repository"/>
    <property name="java.vendor.url.bug" value="http://www.azul.com/support/"/>
    <property name="java.io.tmpdir" value="/tmp"/>
    <property name="java.version" value="17.0.3"/>
    <property name="user.dir" value="/app/services/schedule"/>
    <property name="os.arch" value="amd64"/>
    <property name="java.vm.specification.name" value="Java Virtual Machine Specification"/>
    <property name="native.encoding" value="UTF-8"/>
    <property name="java.library.path" value="/usr/java/packages/lib:/usr/lib64:/lib64:/lib:/usr/lib"/>
    <property name="java.vm.info" value="mixed mode, sharing"/>
    <property name="java.vendor" value="Azul Systems, Inc."/>
    <property name="java.vm.version" value="17.0.3+7-LTS"/>
    <property name="sun.io.unicode.encoding" value="UnicodeLittle"/>
    <property name="java.class.version" value="61.0"/>
  </properties>
  <testcase name="testSchedule_nonexistentTown" classname="wethinkcode.schedule.ScheduleServiceTest" time="0.631"/>
  <testcase name="testSchedule_someTown" classname="wethinkcode.schedule.ScheduleServiceTest" time="0.007"/>
</testsuite>